<?xml version="1.0" encoding="UTF-8"?>
<testng-results ignored="0" total="1" passed="1" failed="0" skipped="0">
  <reporter-output>
  </reporter-output>
  <suite started-at="2023-02-24T14:26:19 IST" name="Default suite" finished-at="2023-02-24T14:26:32 IST" duration-ms="13492">
    <groups>
    </groups>
    <test started-at="2023-02-24T14:26:19 IST" name="Default test" finished-at="2023-02-24T14:26:32 IST" duration-ms="13492">
      <class name="assignment.Test123">
        <test-method signature="reg()[pri:0, instance:assignment.Test123@3911c2a7]" started-at="2023-02-24T14:26:19 IST" name="reg" finished-at="2023-02-24T14:26:32 IST" duration-ms="13413" status="PASS">
          <reporter-output>
          </reporter-output>
        </test-method> <!-- reg -->
      </class> <!-- assignment.Test123 -->
    </test> <!-- Default test -->
  </suite> <!-- Default suite -->
</testng-results>
